app/build/intermediates/manifest_merge_blame_file/debug/manifest-merger-blame-debug-report.txt
1<?xml version="1.0" encoding="utf-8"?>
2<!--
3  ~ Copyright 2020 The Android Open Source Project
4  ~
5  ~ Licensed under the Apache License, Version 2.0 (the "License");
6  ~ you may not use this file except in compliance with the License.
7  ~ You may obtain a copy of the License at
8  ~
9  ~     https://www.apache.org/licenses/LICENSE-2.0
10  ~
11  ~ Unless required by applicable law or agreed to in writing, software
12  ~ distributed under the License is distributed on an "AS IS" BASIS,
13  ~ WITHOUT WARRANTIES OR CONDITIONS OF ANY KIND, either express or implied.
14  ~ See the License for the specific language governing permissions and
15  ~ limitations under the License.
16-->
17<manifest xmlns:android="http://schemas.android.com/apk/res/android"
18    package="com.android.example.camera2.fusion"
19    android:versionCode="1"
20    android:versionName="1.0.0" >
21
22    <uses-sdk
23        android:minSdkVersion="21"
23-->src/main/AndroidManifest.xml
24        android:targetSdkVersion="29" />
24-->src/main/AndroidManifest.xml
25
26    <!-- Permission declarations -->
27    <uses-permission android:name="android.permission.CAMERA" />
27-->src/main/AndroidManifest.xml:22:5-65
27-->src/main/AndroidManifest.xml:22:22-62
28    <uses-permission android:name="android.permission.WRITE_EXTERNAL_STORAGE" />
28-->src/main/AndroidManifest.xml:23:5-81
28-->src/main/AndroidManifest.xml:23:22-78
29    <uses-permission android:name="android.permission.READ_EXTERNAL_STORAGE" />
29-->src/main/AndroidManifest.xml:24:5-80
29-->src/main/AndroidManifest.xml:24:22-77
30    />
31
32    <!-- A camera with (optional) RAW capability is required to use this application -->
33    <uses-feature android:name="android.hardware.camera.any" />
33-->src/main/AndroidManifest.xml:28:5-64
33-->src/main/AndroidManifest.xml:28:19-61
34    <uses-feature
34-->src/main/AndroidManifest.xml:29:5-89
35        android:name="android.hardware.camera.raw"
35-->src/main/AndroidManifest.xml:29:19-61
36        android:required="false" />
36-->src/main/AndroidManifest.xml:29:62-86
37
38    <application
38-->src/main/AndroidManifest.xml:31:5-50:19
39        android:allowBackup="true"
39-->src/main/AndroidManifest.xml:32:9-35
40        android:appComponentFactory="androidx.core.app.CoreComponentFactory"
40-->[androidx.core:core:1.2.0] AndroidManifest.xml:24:18-86
41        android:debuggable="true"
42        android:fullBackupContent="true"
42-->src/main/AndroidManifest.xml:33:9-41
43        android:icon="@drawable/ic_launcher"
43-->src/main/AndroidManifest.xml:35:9-45
44        android:label="@string/app_name"
44-->src/main/AndroidManifest.xml:34:9-41
45        android:testOnly="true" >
46        <activity
46-->src/main/AndroidManifest.xml:38:9-49:20
47            android:name="com.example.android.camera2.fusion.CameraActivity"
47-->src/main/AndroidManifest.xml:39:13-77
48            android:clearTaskOnLaunch="true"
48-->src/main/AndroidManifest.xml:40:13-45
49            android:theme="@style/AppTheme" >
49-->src/main/AndroidManifest.xml:41:13-44
50
51            <!-- Main app intent filter -->
52            <intent-filter>
52-->src/main/AndroidManifest.xml:44:13-47:29
53                <action android:name="android.intent.action.MAIN" />
53-->src/main/AndroidManifest.xml:45:17-69
53-->src/main/AndroidManifest.xml:45:25-66
54
55                <category android:name="android.intent.category.LAUNCHER" />
55-->src/main/AndroidManifest.xml:46:17-77
55-->src/main/AndroidManifest.xml:46:27-74
56            </intent-filter>
57        </activity>
58    </application>
59
60</manifest>